<?xml version="1.0" encoding="UTF-8"?>
<!-- Generated by org.testng.reporters.JUnitReportReporter -->
<testsuite hostname="RAGHAV-JCBP8H2" failures="0" tests="1" name="Raghav.SeleniumFrameworkDesign.Test1" time="0.023" errors="0" timestamp="2022-12-29T18:40:55 IST" skipped="0">
  <testcase classname="Raghav.SeleniumFrameworkDesign.Test1" name="LookingTest1" time="0.023"/>
  <system-out/>
</testsuite> <!-- Raghav.SeleniumFrameworkDesign.Test1 -->
