<?xml version="1.0" encoding="UTF-8"?>
<!-- Generated by org.testng.reporters.JUnitReportReporter -->
<testsuite hostname="RAGHAV-JCBP8H2" failures="0" tests="3" name="Raghav.SeleniumFrameworkDesign.Tests.SubmitOrderTest" time="72.358" errors="0" timestamp="2023-01-02T19:57:18 IST" skipped="0">
  <testcase classname="Raghav.SeleniumFrameworkDesign.Tests.SubmitOrderTest" name="SubmitOrder" time="30.211"/>
  <system-out/>
  <testcase classname="Raghav.SeleniumFrameworkDesign.Tests.SubmitOrderTest" name="SubmitOrder" time="30.274"/>
  <system-out/>
  <testcase classname="Raghav.SeleniumFrameworkDesign.Tests.SubmitOrderTest" name="OrderHistoryTest" time="11.873"/>
  <system-out/>
</testsuite> <!-- Raghav.SeleniumFrameworkDesign.Tests.SubmitOrderTest -->
